# JRE version: OpenJDK Runtime Environment AdoptOpenJDK (11.0.10+9) (build 11.0.10+9)
# Java VM: OpenJDK 64-Bit Server VM AdoptOpenJDK (11.0.10+9, mixed mode, tiered, compressed oops, g1 gc, windows-amd64)
Heap:
 garbage-first heap   total 310272K, used 12210K [0x0000000704200000, 0x0000000800000000)
  region size 1024K, 7 young (7168K), 7 survivors (7168K)
 Metaspace       used 32793K, capacity 33732K, committed 33968K, reserved 1079296K
  class space    used 3599K, capacity 3974K, committed 4096K, reserved 1048576K
GC Heap History (19 events):
Event: 0.797 GC heap before
{Heap before GC invocations=0 (full 0):
 garbage-first heap   total 258048K, used 23552K [0x0000000704200000, 0x0000000800000000)
  region size 1024K, 24 young (24576K), 0 survivors (0K)
 Metaspace       used 12021K, capacity 12227K, committed 12288K, reserved 1060864K
  class space    used 1167K, capacity 1247K, committed 1280K, reserved 1048576K
}
Event: 0.801 GC heap after
{Heap after GC invocations=1 (full 0):
 garbage-first heap   total 258048K, used 5263K [0x0000000704200000, 0x0000000800000000)
  region size 1024K, 3 young (3072K), 3 survivors (3072K)
 Metaspace       used 12021K, capacity 12227K, committed 12288K, reserved 1060864K
  class space    used 1167K, capacity 1247K, committed 1280K, reserved 1048576K
}
Event: 1.172 GC heap before
{Heap before GC invocations=1 (full 0):
 garbage-first heap   total 258048K, used 25743K [0x0000000704200000, 0x0000000800000000)
  region size 1024K, 23 young (23552K), 3 survivors (3072K)
 Metaspace       used 15887K, capacity 16174K, committed 16384K, reserved 1064960K
  class space    used 1658K, capacity 1773K, committed 1792K, reserved 1048576K
}
Event: 1.175 GC heap after
{Heap after GC invocations=2 (full 0):
 garbage-first heap   total 258048K, used 6575K [0x0000000704200000, 0x0000000800000000)
  region size 1024K, 2 young (2048K), 2 survivors (2048K)
 Metaspace       used 15887K, capacity 16174K, committed 16384K, reserved 1064960K
  class space    used 1658K, capacity 1773K, committed 1792K, reserved 1048576K
}
Event: 1.424 GC heap before
{Heap before GC invocations=2 (full 0):
 garbage-first heap   total 258048K, used 25007K [0x0000000704200000, 0x0000000800000000)
  region size 1024K, 21 young (21504K), 2 survivors (2048K)
 Metaspace       used 20727K, capacity 21146K, committed 21296K, reserved 1069056K
  class space    used 2180K, capacity 2378K, committed 2432K, reserved 1048576K
}
Event: 1.428 GC heap after
{Heap after GC invocations=3 (full 0):
 garbage-first heap   total 258048K, used 7427K [0x0000000704200000, 0x0000000800000000)
  region size 1024K, 2 young (2048K), 2 survivors (2048K)
 Metaspace       used 20727K, capacity 21146K, committed 21296K, reserved 1069056K
  class space    used 2180K, capacity 2378K, committed 2432K, reserved 1048576K
}
Event: 2.113 GC heap before
{Heap before GC invocations=4 (full 0):
 garbage-first heap   total 258048K, used 95491K [0x0000000704200000, 0x0000000800000000)
  region size 1024K, 88 young (90112K), 2 survivors (2048K)
 Metaspace       used 28470K, capacity 29186K, committed 29360K, reserved 1075200K
  class space    used 3249K, capacity 3523K, committed 3584K, reserved 1048576K
}
Event: 2.116 GC heap after
{Heap after GC invocations=5 (full 0):
 garbage-first heap   total 258048K, used 9492K [0x0000000704200000, 0x0000000800000000)
  region size 1024K, 4 young (4096K), 4 survivors (4096K)
 Metaspace       used 28470K, capacity 29186K, committed 29360K, reserved 1075200K
  class space    used 3249K, capacity 3523K, committed 3584K, reserved 1048576K
}
Event: 3.075 GC heap before
{Heap before GC invocations=5 (full 0):
 garbage-first heap   total 258048K, used 132372K [0x0000000704200000, 0x0000000800000000)
  region size 1024K, 124 young (126976K), 4 survivors (4096K)
 Metaspace       used 31448K, capacity 32339K, committed 32560K, reserved 1077248K
  class space    used 3567K, capacity 3916K, committed 3968K, reserved 1048576K
}
Event: 3.080 GC heap after
{Heap after GC invocations=6 (full 0):
 garbage-first heap   total 258048K, used 11935K [0x0000000704200000, 0x0000000800000000)
  region size 1024K, 7 young (7168K), 7 survivors (7168K)
 Metaspace       used 31448K, capacity 32339K, committed 32560K, reserved 1077248K
  class space    used 3567K, capacity 3916K, committed 3968K, reserved 1048576K
}
Event: 3.682 GC heap before
{Heap before GC invocations=6 (full 0):
 garbage-first heap   total 258048K, used 157343K [0x0000000704200000, 0x0000000800000000)
  region size 1024K, 149 young (152576K), 7 survivors (7168K)
 Metaspace       used 31920K, capacity 32788K, committed 32816K, reserved 1079296K
  class space    used 3583K, capacity 3945K, committed 3968K, reserved 1048576K
}
Event: 3.687 GC heap after
{Heap after GC invocations=7 (full 0):
 garbage-first heap   total 258048K, used 12323K [0x0000000704200000, 0x0000000800000000)
  region size 1024K, 7 young (7168K), 7 survivors (7168K)
 Metaspace       used 31920K, capacity 32788K, committed 32816K, reserved 1079296K
  class space    used 3583K, capacity 3945K, committed 3968K, reserved 1048576K
}
Event: 4.293 GC heap before
{Heap before GC invocations=7 (full 0):
 garbage-first heap   total 258048K, used 159779K [0x0000000704200000, 0x0000000800000000)
  region size 1024K, 151 young (154624K), 7 survivors (7168K)
 Metaspace       used 32307K, capacity 33215K, committed 33328K, reserved 1079296K
  class space    used 3587K, capacity 3951K, committed 3968K, reserved 1048576K
}
Event: 4.304 GC heap after
{Heap after GC invocations=8 (full 0):
 garbage-first heap   total 258048K, used 12204K [0x0000000704200000, 0x0000000800000000)
  region size 1024K, 7 young (7168K), 7 survivors (7168K)
 Metaspace       used 32307K, capacity 33215K, committed 33328K, reserved 1079296K
  class space    used 3587K, capacity 3951K, committed 3968K, reserved 1048576K
}
Event: 5.210 GC heap before
{Heap before GC invocations=8 (full 0):
 garbage-first heap   total 258048K, used 159660K [0x0000000704200000, 0x0000000800000000)
  region size 1024K, 151 young (154624K), 7 survivors (7168K)
 Metaspace       used 32561K, capacity 33522K, committed 33712K, reserved 1079296K
  class space    used 3599K, capacity 3974K, committed 4096K, reserved 1048576K
}
Event: 5.215 GC heap after
{Heap after GC invocations=9 (full 0):
 garbage-first heap   total 258048K, used 11429K [0x0000000704200000, 0x0000000800000000)
  region size 1024K, 6 young (6144K), 6 survivors (6144K)
 Metaspace       used 32561K, capacity 33522K, committed 33712K, reserved 1079296K
  class space    used 3599K, capacity 3974K, committed 4096K, reserved 1048576K
}
Event: 5.897 GC heap before
{Heap before GC invocations=9 (full 0):
 garbage-first heap   total 258048K, used 159909K [0x0000000704200000, 0x0000000800000000)
  region size 1024K, 151 young (154624K), 6 survivors (6144K)
 Metaspace       used 32729K, capacity 33663K, committed 33968K, reserved 1079296K
  class space    used 3599K, capacity 3974K, committed 4096K, reserved 1048576K
}
Event: 5.903 GC heap after
{Heap after GC invocations=10 (full 0):
 garbage-first heap   total 258048K, used 12153K [0x0000000704200000, 0x0000000800000000)
  region size 1024K, 7 young (7168K), 7 survivors (7168K)
 Metaspace       used 32729K, capacity 33663K, committed 33968K, reserved 1079296K
  class space    used 3599K, capacity 3974K, committed 4096K, reserved 1048576K
}
Event: 6.527 GC heap before
{Heap before GC invocations=10 (full 0):
 garbage-first heap   total 258048K, used 159609K [0x0000000704200000, 0x0000000800000000)
  region size 1024K, 151 young (154624K), 7 survivors (7168K)
 Metaspace       used 32793K, capacity 33732K, committed 33968K, reserved 1079296K
  class space    used 3599K, capacity 3974K, committed 4096K, reserved 1048576K
}

